Invalid column name 'UserId'.
System.Data.SqlClient.SqlException (0x80131904): Invalid column name 'UserId'.
   at System.Data.SqlClient.SqlConnection.OnError(SqlException exception, Boolean breakConnection, Action`1 wrapCloseInAction)
   at System.Data.SqlClient.SqlInternalConnection.OnError(SqlException exception, Boolean breakConnection, Action`1 wrapCloseInAction)
   at System.Data.SqlClient.TdsParser.ThrowExceptionAndWarning(TdsParserStateObject stateObj, Boolean callerHasConnectionLock, Boolean asyncClose)
   at System.Data.SqlClient.TdsParser.TryRun(RunBehavior runBehavior, SqlCommand cmdHandler, SqlDataReader dataStream, BulkCopySimpleResultSet bulkCopyHandler, TdsParserStateObject stateObj, Boolean& dataReady)
   at System.Data.SqlClient.SqlDataReader.TryConsumeMetaData()
   at System.Data.SqlClient.SqlDataReader.get_MetaData()
   at System.Data.SqlClient.SqlCommand.FinishExecuteReader(SqlDataReader ds, RunBehavior runBehavior, String resetOptionsString)
   at System.Data.SqlClient.SqlCommand.RunExecuteReaderTds(CommandBehavior cmdBehavior, RunBehavior runBehavior, Boolean returnStream, Boolean async, Int32 timeout, Task& task, Boolean asyncWrite)
   at System.Data.SqlClient.SqlCommand.RunExecuteReader(CommandBehavior cmdBehavior, RunBehavior runBehavior, Boolean returnStream, String method, TaskCompletionSource`1 completion, Int32 timeout, Task& task, Boolean asyncWrite)
   at System.Data.SqlClient.SqlCommand.RunExecuteReader(CommandBehavior cmdBehavior, RunBehavior runBehavior, Boolean returnStream, String method)
   at System.Data.SqlClient.SqlCommand.ExecuteReader(CommandBehavior behavior, String method)
   at System.Data.SqlClient.SqlCommand.ExecuteDbDataReader(CommandBehavior behavior)
   at System.Data.Common.DbCommand.ExecuteReader()
   at WebMatrix.Data.Database.<QueryInternal>d__0.MoveNext()
   at System.Linq.Enumerable.FirstOrDefault[TSource](IEnumerable`1 source)
   at WebMatrix.Data.Database.QuerySingle(String commandText, Object[] args)
   at WebMatrix.WebData.DatabaseWrapper.QuerySingle(String commandText, Object[] parameters)
   at WebMatrix.WebData.SimpleMembershipProvider.CreateAccount(String userName, String password, Boolean requireConfirmationToken)
   at WebMatrix.WebData.SimpleMembershipProvider.CreateUserAndAccount(String userName, String password, Boolean requireConfirmation, IDictionary`2 values)
   at WebMatrix.WebData.WebSecurity.CreateUserAndAccount(String userName, String password, Object propertyValues, Boolean requireConfirmationToken)
   at ShareMarket.Web.Helpers.WebSecurityWrapper.CreateUserAndAccount(String userName, String password, Object propertyValues, Boolean requireConfirmationToken) in e:\Repository Projects\ShareMarket\Source\ShareMarket.Web\Helpers\WebSecurityWrapper.cs:line 101
ClientConnectionId:e5638a24-f0b9-45ca-94a5-de7b82bfe18a
Invalid column name 'UserId'.
System.Data.SqlClient.SqlException (0x80131904): Invalid column name 'UserId'.
   at System.Data.SqlClient.SqlConnection.OnError(SqlException exception, Boolean breakConnection, Action`1 wrapCloseInAction)
   at System.Data.SqlClient.SqlInternalConnection.OnError(SqlException exception, Boolean breakConnection, Action`1 wrapCloseInAction)
   at System.Data.SqlClient.TdsParser.ThrowExceptionAndWarning(TdsParserStateObject stateObj, Boolean callerHasConnectionLock, Boolean asyncClose)
   at System.Data.SqlClient.TdsParser.TryRun(RunBehavior runBehavior, SqlCommand cmdHandler, SqlDataReader dataStream, BulkCopySimpleResultSet bulkCopyHandler, TdsParserStateObject stateObj, Boolean& dataReady)
   at System.Data.SqlClient.SqlDataReader.TryConsumeMetaData()
   at System.Data.SqlClient.SqlDataReader.get_MetaData()
   at System.Data.SqlClient.SqlCommand.FinishExecuteReader(SqlDataReader ds, RunBehavior runBehavior, String resetOptionsString)
   at System.Data.SqlClient.SqlCommand.RunExecuteReaderTds(CommandBehavior cmdBehavior, RunBehavior runBehavior, Boolean returnStream, Boolean async, Int32 timeout, Task& task, Boolean asyncWrite)
   at System.Data.SqlClient.SqlCommand.RunExecuteReader(CommandBehavior cmdBehavior, RunBehavior runBehavior, Boolean returnStream, String method, TaskCompletionSource`1 completion, Int32 timeout, Task& task, Boolean asyncWrite)
   at System.Data.SqlClient.SqlCommand.RunExecuteReader(CommandBehavior cmdBehavior, RunBehavior runBehavior, Boolean returnStream, String method)
   at System.Data.SqlClient.SqlCommand.ExecuteReader(CommandBehavior behavior, String method)
   at System.Data.SqlClient.SqlCommand.ExecuteDbDataReader(CommandBehavior behavior)
   at System.Data.Common.DbCommand.ExecuteReader()
   at WebMatrix.Data.Database.<QueryInternal>d__0.MoveNext()
   at System.Linq.Enumerable.FirstOrDefault[TSource](IEnumerable`1 source)
   at WebMatrix.Data.Database.QuerySingle(String commandText, Object[] args)
   at WebMatrix.WebData.DatabaseWrapper.QuerySingle(String commandText, Object[] parameters)
   at WebMatrix.WebData.SimpleMembershipProvider.CreateAccount(String userName, String password, Boolean requireConfirmationToken)
   at WebMatrix.WebData.SimpleMembershipProvider.CreateUserAndAccount(String userName, String password, Boolean requireConfirmation, IDictionary`2 values)
   at WebMatrix.WebData.WebSecurity.CreateUserAndAccount(String userName, String password, Object propertyValues, Boolean requireConfirmationToken)
   at ShareMarket.Web.Helpers.WebSecurityWrapper.CreateUserAndAccount(String userName, String password, Object propertyValues, Boolean requireConfirmationToken) in e:\Repository Projects\ShareMarket\Source\ShareMarket.Web\Helpers\WebSecurityWrapper.cs:line 101
ClientConnectionId:2bd969e4-8c8d-4906-93b3-e4ee9196f644
Invalid column name 'UserId'.
System.Data.SqlClient.SqlException (0x80131904): Invalid column name 'UserId'.
   at System.Data.SqlClient.SqlConnection.OnError(SqlException exception, Boolean breakConnection, Action`1 wrapCloseInAction)
   at System.Data.SqlClient.SqlInternalConnection.OnError(SqlException exception, Boolean breakConnection, Action`1 wrapCloseInAction)
   at System.Data.SqlClient.TdsParser.ThrowExceptionAndWarning(TdsParserStateObject stateObj, Boolean callerHasConnectionLock, Boolean asyncClose)
   at System.Data.SqlClient.TdsParser.TryRun(RunBehavior runBehavior, SqlCommand cmdHandler, SqlDataReader dataStream, BulkCopySimpleResultSet bulkCopyHandler, TdsParserStateObject stateObj, Boolean& dataReady)
   at System.Data.SqlClient.SqlDataReader.TryConsumeMetaData()
   at System.Data.SqlClient.SqlDataReader.get_MetaData()
   at System.Data.SqlClient.SqlCommand.FinishExecuteReader(SqlDataReader ds, RunBehavior runBehavior, String resetOptionsString)
   at System.Data.SqlClient.SqlCommand.RunExecuteReaderTds(CommandBehavior cmdBehavior, RunBehavior runBehavior, Boolean returnStream, Boolean async, Int32 timeout, Task& task, Boolean asyncWrite)
   at System.Data.SqlClient.SqlCommand.RunExecuteReader(CommandBehavior cmdBehavior, RunBehavior runBehavior, Boolean returnStream, String method, TaskCompletionSource`1 completion, Int32 timeout, Task& task, Boolean asyncWrite)
   at System.Data.SqlClient.SqlCommand.RunExecuteReader(CommandBehavior cmdBehavior, RunBehavior runBehavior, Boolean returnStream, String method)
   at System.Data.SqlClient.SqlCommand.ExecuteReader(CommandBehavior behavior, String method)
   at System.Data.SqlClient.SqlCommand.ExecuteDbDataReader(CommandBehavior behavior)
   at System.Data.Common.DbCommand.ExecuteReader()
   at WebMatrix.Data.Database.<QueryInternal>d__0.MoveNext()
   at System.Linq.Enumerable.FirstOrDefault[TSource](IEnumerable`1 source)
   at WebMatrix.Data.Database.QuerySingle(String commandText, Object[] args)
   at WebMatrix.WebData.DatabaseWrapper.QuerySingle(String commandText, Object[] parameters)
   at WebMatrix.WebData.SimpleMembershipProvider.CreateAccount(String userName, String password, Boolean requireConfirmationToken)
   at WebMatrix.WebData.SimpleMembershipProvider.CreateUserAndAccount(String userName, String password, Boolean requireConfirmation, IDictionary`2 values)
   at WebMatrix.WebData.WebSecurity.CreateUserAndAccount(String userName, String password, Object propertyValues, Boolean requireConfirmationToken)
   at ShareMarket.Web.Helpers.WebSecurityWrapper.CreateUserAndAccount(String userName, String password, Object propertyValues, Boolean requireConfirmationToken) in e:\Repository Projects\ShareMarket\Source\ShareMarket.Web\Helpers\WebSecurityWrapper.cs:line 101
ClientConnectionId:ba5c96a4-454d-4428-b595-6aaf4b3a0604
Invalid column name 'UserId'.
System.Data.SqlClient.SqlException (0x80131904): Invalid column name 'UserId'.
   at System.Data.SqlClient.SqlConnection.OnError(SqlException exception, Boolean breakConnection, Action`1 wrapCloseInAction)
   at System.Data.SqlClient.SqlInternalConnection.OnError(SqlException exception, Boolean breakConnection, Action`1 wrapCloseInAction)
   at System.Data.SqlClient.TdsParser.ThrowExceptionAndWarning(TdsParserStateObject stateObj, Boolean callerHasConnectionLock, Boolean asyncClose)
   at System.Data.SqlClient.TdsParser.TryRun(RunBehavior runBehavior, SqlCommand cmdHandler, SqlDataReader dataStream, BulkCopySimpleResultSet bulkCopyHandler, TdsParserStateObject stateObj, Boolean& dataReady)
   at System.Data.SqlClient.SqlDataReader.TryConsumeMetaData()
   at System.Data.SqlClient.SqlDataReader.get_MetaData()
   at System.Data.SqlClient.SqlCommand.FinishExecuteReader(SqlDataReader ds, RunBehavior runBehavior, String resetOptionsString)
   at System.Data.SqlClient.SqlCommand.RunExecuteReaderTds(CommandBehavior cmdBehavior, RunBehavior runBehavior, Boolean returnStream, Boolean async, Int32 timeout, Task& task, Boolean asyncWrite)
   at System.Data.SqlClient.SqlCommand.RunExecuteReader(CommandBehavior cmdBehavior, RunBehavior runBehavior, Boolean returnStream, String method, TaskCompletionSource`1 completion, Int32 timeout, Task& task, Boolean asyncWrite)
   at System.Data.SqlClient.SqlCommand.RunExecuteReader(CommandBehavior cmdBehavior, RunBehavior runBehavior, Boolean returnStream, String method)
   at System.Data.SqlClient.SqlCommand.ExecuteReader(CommandBehavior behavior, String method)
   at System.Data.SqlClient.SqlCommand.ExecuteDbDataReader(CommandBehavior behavior)
   at System.Data.Common.DbCommand.ExecuteReader()
   at WebMatrix.Data.Database.<QueryInternal>d__0.MoveNext()
   at System.Linq.Enumerable.FirstOrDefault[TSource](IEnumerable`1 source)
   at WebMatrix.Data.Database.QuerySingle(String commandText, Object[] args)
   at WebMatrix.WebData.DatabaseWrapper.QuerySingle(String commandText, Object[] parameters)
   at WebMatrix.WebData.SimpleMembershipProvider.CreateAccount(String userName, String password, Boolean requireConfirmationToken)
   at WebMatrix.WebData.SimpleMembershipProvider.CreateUserAndAccount(String userName, String password, Boolean requireConfirmation, IDictionary`2 values)
   at WebMatrix.WebData.WebSecurity.CreateUserAndAccount(String userName, String password, Object propertyValues, Boolean requireConfirmationToken)
   at ShareMarket.Web.Helpers.WebSecurityWrapper.CreateUserAndAccount(String userName, String password, Object propertyValues, Boolean requireConfirmationToken) in e:\Repository Projects\ShareMarket\Source\ShareMarket.Web\Helpers\WebSecurityWrapper.cs:line 101
ClientConnectionId:e91cd132-aa77-41f4-a0e8-c557e693192d
Invalid column name 'UserId'.
System.Data.SqlClient.SqlException (0x80131904): Invalid column name 'UserId'.
   at System.Data.SqlClient.SqlConnection.OnError(SqlException exception, Boolean breakConnection, Action`1 wrapCloseInAction)
   at System.Data.SqlClient.SqlInternalConnection.OnError(SqlException exception, Boolean breakConnection, Action`1 wrapCloseInAction)
   at System.Data.SqlClient.TdsParser.ThrowExceptionAndWarning(TdsParserStateObject stateObj, Boolean callerHasConnectionLock, Boolean asyncClose)
   at System.Data.SqlClient.TdsParser.TryRun(RunBehavior runBehavior, SqlCommand cmdHandler, SqlDataReader dataStream, BulkCopySimpleResultSet bulkCopyHandler, TdsParserStateObject stateObj, Boolean& dataReady)
   at System.Data.SqlClient.SqlDataReader.TryConsumeMetaData()
   at System.Data.SqlClient.SqlDataReader.get_MetaData()
   at System.Data.SqlClient.SqlCommand.FinishExecuteReader(SqlDataReader ds, RunBehavior runBehavior, String resetOptionsString)
   at System.Data.SqlClient.SqlCommand.RunExecuteReaderTds(CommandBehavior cmdBehavior, RunBehavior runBehavior, Boolean returnStream, Boolean async, Int32 timeout, Task& task, Boolean asyncWrite)
   at System.Data.SqlClient.SqlCommand.RunExecuteReader(CommandBehavior cmdBehavior, RunBehavior runBehavior, Boolean returnStream, String method, TaskCompletionSource`1 completion, Int32 timeout, Task& task, Boolean asyncWrite)
   at System.Data.SqlClient.SqlCommand.RunExecuteReader(CommandBehavior cmdBehavior, RunBehavior runBehavior, Boolean returnStream, String method)
   at System.Data.SqlClient.SqlCommand.ExecuteReader(CommandBehavior behavior, String method)
   at System.Data.SqlClient.SqlCommand.ExecuteDbDataReader(CommandBehavior behavior)
   at System.Data.Common.DbCommand.ExecuteReader()
   at WebMatrix.Data.Database.<QueryInternal>d__0.MoveNext()
   at System.Linq.Enumerable.FirstOrDefault[TSource](IEnumerable`1 source)
   at WebMatrix.Data.Database.QuerySingle(String commandText, Object[] args)
   at WebMatrix.WebData.DatabaseWrapper.QuerySingle(String commandText, Object[] parameters)
   at WebMatrix.WebData.SimpleMembershipProvider.CreateAccount(String userName, String password, Boolean requireConfirmationToken)
   at WebMatrix.WebData.SimpleMembershipProvider.CreateUserAndAccount(String userName, String password, Boolean requireConfirmation, IDictionary`2 values)
   at WebMatrix.WebData.WebSecurity.CreateUserAndAccount(String userName, String password, Object propertyValues, Boolean requireConfirmationToken)
   at ShareMarket.Web.Helpers.WebSecurityWrapper.CreateUserAndAccount(String userName, String password, Object propertyValues, Boolean requireConfirmationToken) in e:\Repository Projects\ShareMarket\Source\ShareMarket.Web\Helpers\WebSecurityWrapper.cs:line 101
ClientConnectionId:11abace8-9f1d-46ee-85cc-0e581cd7eb4f
Invalid column name 'UserId'.
System.Data.SqlClient.SqlException (0x80131904): Invalid column name 'UserId'.
   at System.Data.SqlClient.SqlConnection.OnError(SqlException exception, Boolean breakConnection, Action`1 wrapCloseInAction)
   at System.Data.SqlClient.SqlInternalConnection.OnError(SqlException exception, Boolean breakConnection, Action`1 wrapCloseInAction)
   at System.Data.SqlClient.TdsParser.ThrowExceptionAndWarning(TdsParserStateObject stateObj, Boolean callerHasConnectionLock, Boolean asyncClose)
   at System.Data.SqlClient.TdsParser.TryRun(RunBehavior runBehavior, SqlCommand cmdHandler, SqlDataReader dataStream, BulkCopySimpleResultSet bulkCopyHandler, TdsParserStateObject stateObj, Boolean& dataReady)
   at System.Data.SqlClient.SqlDataReader.TryConsumeMetaData()
   at System.Data.SqlClient.SqlDataReader.get_MetaData()
   at System.Data.SqlClient.SqlCommand.FinishExecuteReader(SqlDataReader ds, RunBehavior runBehavior, String resetOptionsString)
   at System.Data.SqlClient.SqlCommand.RunExecuteReaderTds(CommandBehavior cmdBehavior, RunBehavior runBehavior, Boolean returnStream, Boolean async, Int32 timeout, Task& task, Boolean asyncWrite)
   at System.Data.SqlClient.SqlCommand.RunExecuteReader(CommandBehavior cmdBehavior, RunBehavior runBehavior, Boolean returnStream, String method, TaskCompletionSource`1 completion, Int32 timeout, Task& task, Boolean asyncWrite)
   at System.Data.SqlClient.SqlCommand.RunExecuteReader(CommandBehavior cmdBehavior, RunBehavior runBehavior, Boolean returnStream, String method)
   at System.Data.SqlClient.SqlCommand.ExecuteReader(CommandBehavior behavior, String method)
   at System.Data.SqlClient.SqlCommand.ExecuteDbDataReader(CommandBehavior behavior)
   at System.Data.Common.DbCommand.ExecuteReader()
   at WebMatrix.Data.Database.<QueryInternal>d__0.MoveNext()
   at System.Linq.Enumerable.FirstOrDefault[TSource](IEnumerable`1 source)
   at WebMatrix.Data.Database.QuerySingle(String commandText, Object[] args)
   at WebMatrix.WebData.DatabaseWrapper.QuerySingle(String commandText, Object[] parameters)
   at WebMatrix.WebData.SimpleMembershipProvider.CreateAccount(String userName, String password, Boolean requireConfirmationToken)
   at WebMatrix.WebData.SimpleMembershipProvider.CreateUserAndAccount(String userName, String password, Boolean requireConfirmation, IDictionary`2 values)
   at WebMatrix.WebData.WebSecurity.CreateUserAndAccount(String userName, String password, Object propertyValues, Boolean requireConfirmationToken)
   at ShareMarket.Web.Helpers.WebSecurityWrapper.CreateUserAndAccount(String userName, String password, Object propertyValues, Boolean requireConfirmationToken) in e:\Repository Projects\ShareMarket\Source\ShareMarket.Web\Helpers\WebSecurityWrapper.cs:line 101
ClientConnectionId:3168932d-6b9e-424a-8381-0a22c8dd245a
Invalid column name 'UserId'.
System.Data.SqlClient.SqlException (0x80131904): Invalid column name 'UserId'.
   at System.Data.SqlClient.SqlConnection.OnError(SqlException exception, Boolean breakConnection, Action`1 wrapCloseInAction)
   at System.Data.SqlClient.SqlInternalConnection.OnError(SqlException exception, Boolean breakConnection, Action`1 wrapCloseInAction)
   at System.Data.SqlClient.TdsParser.ThrowExceptionAndWarning(TdsParserStateObject stateObj, Boolean callerHasConnectionLock, Boolean asyncClose)
   at System.Data.SqlClient.TdsParser.TryRun(RunBehavior runBehavior, SqlCommand cmdHandler, SqlDataReader dataStream, BulkCopySimpleResultSet bulkCopyHandler, TdsParserStateObject stateObj, Boolean& dataReady)
   at System.Data.SqlClient.SqlDataReader.TryConsumeMetaData()
   at System.Data.SqlClient.SqlDataReader.get_MetaData()
   at System.Data.SqlClient.SqlCommand.FinishExecuteReader(SqlDataReader ds, RunBehavior runBehavior, String resetOptionsString)
   at System.Data.SqlClient.SqlCommand.RunExecuteReaderTds(CommandBehavior cmdBehavior, RunBehavior runBehavior, Boolean returnStream, Boolean async, Int32 timeout, Task& task, Boolean asyncWrite)
   at System.Data.SqlClient.SqlCommand.RunExecuteReader(CommandBehavior cmdBehavior, RunBehavior runBehavior, Boolean returnStream, String method, TaskCompletionSource`1 completion, Int32 timeout, Task& task, Boolean asyncWrite)
   at System.Data.SqlClient.SqlCommand.RunExecuteReader(CommandBehavior cmdBehavior, RunBehavior runBehavior, Boolean returnStream, String method)
   at System.Data.SqlClient.SqlCommand.ExecuteReader(CommandBehavior behavior, String method)
   at System.Data.SqlClient.SqlCommand.ExecuteDbDataReader(CommandBehavior behavior)
   at System.Data.Common.DbCommand.ExecuteReader()
   at WebMatrix.Data.Database.<QueryInternal>d__0.MoveNext()
   at System.Linq.Enumerable.FirstOrDefault[TSource](IEnumerable`1 source)
   at WebMatrix.Data.Database.QuerySingle(String commandText, Object[] args)
   at WebMatrix.WebData.DatabaseWrapper.QuerySingle(String commandText, Object[] parameters)
   at WebMatrix.WebData.SimpleMembershipProvider.CreateAccount(String userName, String password, Boolean requireConfirmationToken)
   at WebMatrix.WebData.SimpleMembershipProvider.CreateUserAndAccount(String userName, String password, Boolean requireConfirmation, IDictionary`2 values)
   at WebMatrix.WebData.WebSecurity.CreateUserAndAccount(String userName, String password, Object propertyValues, Boolean requireConfirmationToken)
   at ShareMarket.Web.Helpers.WebSecurityWrapper.CreateUserAndAccount(String userName, String password, Object propertyValues, Boolean requireConfirmationToken) in e:\Repository Projects\ShareMarket\Source\ShareMarket.Web\Helpers\WebSecurityWrapper.cs:line 101
ClientConnectionId:670e0685-eb7a-4df2-9c59-488c2f81c1dd
Invalid column name 'UserId'.
System.Data.SqlClient.SqlException (0x80131904): Invalid column name 'UserId'.
   at System.Data.SqlClient.SqlConnection.OnError(SqlException exception, Boolean breakConnection, Action`1 wrapCloseInAction)
   at System.Data.SqlClient.SqlInternalConnection.OnError(SqlException exception, Boolean breakConnection, Action`1 wrapCloseInAction)
   at System.Data.SqlClient.TdsParser.ThrowExceptionAndWarning(TdsParserStateObject stateObj, Boolean callerHasConnectionLock, Boolean asyncClose)
   at System.Data.SqlClient.TdsParser.TryRun(RunBehavior runBehavior, SqlCommand cmdHandler, SqlDataReader dataStream, BulkCopySimpleResultSet bulkCopyHandler, TdsParserStateObject stateObj, Boolean& dataReady)
   at System.Data.SqlClient.SqlDataReader.TryConsumeMetaData()
   at System.Data.SqlClient.SqlDataReader.get_MetaData()
   at System.Data.SqlClient.SqlCommand.FinishExecuteReader(SqlDataReader ds, RunBehavior runBehavior, String resetOptionsString)
   at System.Data.SqlClient.SqlCommand.RunExecuteReaderTds(CommandBehavior cmdBehavior, RunBehavior runBehavior, Boolean returnStream, Boolean async, Int32 timeout, Task& task, Boolean asyncWrite)
   at System.Data.SqlClient.SqlCommand.RunExecuteReader(CommandBehavior cmdBehavior, RunBehavior runBehavior, Boolean returnStream, String method, TaskCompletionSource`1 completion, Int32 timeout, Task& task, Boolean asyncWrite)
   at System.Data.SqlClient.SqlCommand.RunExecuteReader(CommandBehavior cmdBehavior, RunBehavior runBehavior, Boolean returnStream, String method)
   at System.Data.SqlClient.SqlCommand.ExecuteReader(CommandBehavior behavior, String method)
   at System.Data.SqlClient.SqlCommand.ExecuteDbDataReader(CommandBehavior behavior)
   at System.Data.Common.DbCommand.ExecuteReader()
   at WebMatrix.Data.Database.<QueryInternal>d__0.MoveNext()
   at System.Linq.Enumerable.FirstOrDefault[TSource](IEnumerable`1 source)
   at WebMatrix.Data.Database.QuerySingle(String commandText, Object[] args)
   at WebMatrix.WebData.DatabaseWrapper.QuerySingle(String commandText, Object[] parameters)
   at WebMatrix.WebData.SimpleMembershipProvider.CreateAccount(String userName, String password, Boolean requireConfirmationToken)
   at WebMatrix.WebData.SimpleMembershipProvider.CreateUserAndAccount(String userName, String password, Boolean requireConfirmation, IDictionary`2 values)
   at WebMatrix.WebData.WebSecurity.CreateUserAndAccount(String userName, String password, Object propertyValues, Boolean requireConfirmationToken)
   at ShareMarket.Web.Helpers.WebSecurityWrapper.CreateUserAndAccount(String userName, String password, Object propertyValues, Boolean requireConfirmationToken) in e:\Repository Projects\ShareMarket\Source\ShareMarket.Web\Helpers\WebSecurityWrapper.cs:line 101
ClientConnectionId:149d3220-da2b-4a54-a0aa-611a74ccefe5
Invalid column name 'UserId'.
System.Data.SqlClient.SqlException (0x80131904): Invalid column name 'UserId'.
   at System.Data.SqlClient.SqlConnection.OnError(SqlException exception, Boolean breakConnection, Action`1 wrapCloseInAction)
   at System.Data.SqlClient.SqlInternalConnection.OnError(SqlException exception, Boolean breakConnection, Action`1 wrapCloseInAction)
   at System.Data.SqlClient.TdsParser.ThrowExceptionAndWarning(TdsParserStateObject stateObj, Boolean callerHasConnectionLock, Boolean asyncClose)
   at System.Data.SqlClient.TdsParser.TryRun(RunBehavior runBehavior, SqlCommand cmdHandler, SqlDataReader dataStream, BulkCopySimpleResultSet bulkCopyHandler, TdsParserStateObject stateObj, Boolean& dataReady)
   at System.Data.SqlClient.SqlDataReader.TryConsumeMetaData()
   at System.Data.SqlClient.SqlDataReader.get_MetaData()
   at System.Data.SqlClient.SqlCommand.FinishExecuteReader(SqlDataReader ds, RunBehavior runBehavior, String resetOptionsString)
   at System.Data.SqlClient.SqlCommand.RunExecuteReaderTds(CommandBehavior cmdBehavior, RunBehavior runBehavior, Boolean returnStream, Boolean async, Int32 timeout, Task& task, Boolean asyncWrite)
   at System.Data.SqlClient.SqlCommand.RunExecuteReader(CommandBehavior cmdBehavior, RunBehavior runBehavior, Boolean returnStream, String method, TaskCompletionSource`1 completion, Int32 timeout, Task& task, Boolean asyncWrite)
   at System.Data.SqlClient.SqlCommand.RunExecuteReader(CommandBehavior cmdBehavior, RunBehavior runBehavior, Boolean returnStream, String method)
   at System.Data.SqlClient.SqlCommand.ExecuteReader(CommandBehavior behavior, String method)
   at System.Data.SqlClient.SqlCommand.ExecuteDbDataReader(CommandBehavior behavior)
   at System.Data.Common.DbCommand.ExecuteReader()
   at WebMatrix.Data.Database.<QueryInternal>d__0.MoveNext()
   at System.Linq.Enumerable.FirstOrDefault[TSource](IEnumerable`1 source)
   at WebMatrix.Data.Database.QuerySingle(String commandText, Object[] args)
   at WebMatrix.WebData.DatabaseWrapper.QuerySingle(String commandText, Object[] parameters)
   at WebMatrix.WebData.SimpleMembershipProvider.CreateAccount(String userName, String password, Boolean requireConfirmationToken)
   at WebMatrix.WebData.SimpleMembershipProvider.CreateUserAndAccount(String userName, String password, Boolean requireConfirmation, IDictionary`2 values)
   at WebMatrix.WebData.WebSecurity.CreateUserAndAccount(String userName, String password, Object propertyValues, Boolean requireConfirmationToken)
   at ShareMarket.Web.Helpers.WebSecurityWrapper.CreateUserAndAccount(String userName, String password, Object propertyValues, Boolean requireConfirmationToken) in e:\Repository Projects\ShareMarket\Source\ShareMarket.Web\Helpers\WebSecurityWrapper.cs:line 101
ClientConnectionId:fa02a406-32b7-41e5-9140-7fa00967f855
Invalid column name 'RoleId'.
Invalid column name 'UserId'.
System.Data.SqlClient.SqlException (0x80131904): Invalid column name 'RoleId'.
Invalid column name 'UserId'.
   at System.Data.SqlClient.SqlConnection.OnError(SqlException exception, Boolean breakConnection, Action`1 wrapCloseInAction)
   at System.Data.SqlClient.SqlInternalConnection.OnError(SqlException exception, Boolean breakConnection, Action`1 wrapCloseInAction)
   at System.Data.SqlClient.TdsParser.ThrowExceptionAndWarning(TdsParserStateObject stateObj, Boolean callerHasConnectionLock, Boolean asyncClose)
   at System.Data.SqlClient.TdsParser.TryRun(RunBehavior runBehavior, SqlCommand cmdHandler, SqlDataReader dataStream, BulkCopySimpleResultSet bulkCopyHandler, TdsParserStateObject stateObj, Boolean& dataReady)
   at System.Data.SqlClient.SqlDataReader.TryConsumeMetaData()
   at System.Data.SqlClient.SqlDataReader.get_MetaData()
   at System.Data.SqlClient.SqlCommand.FinishExecuteReader(SqlDataReader ds, RunBehavior runBehavior, String resetOptionsString)
   at System.Data.SqlClient.SqlCommand.RunExecuteReaderTds(CommandBehavior cmdBehavior, RunBehavior runBehavior, Boolean returnStream, Boolean async, Int32 timeout, Task& task, Boolean asyncWrite)
   at System.Data.SqlClient.SqlCommand.RunExecuteReader(CommandBehavior cmdBehavior, RunBehavior runBehavior, Boolean returnStream, String method, TaskCompletionSource`1 completion, Int32 timeout, Task& task, Boolean asyncWrite)
   at System.Data.SqlClient.SqlCommand.RunExecuteReader(CommandBehavior cmdBehavior, RunBehavior runBehavior, Boolean returnStream, String method)
   at System.Data.SqlClient.SqlCommand.ExecuteReader(CommandBehavior behavior, String method)
   at System.Data.SqlClient.SqlCommand.ExecuteDbDataReader(CommandBehavior behavior)
   at System.Data.Common.DbCommand.ExecuteReader()
   at WebMatrix.Data.Database.<QueryInternal>d__0.MoveNext()
   at System.Linq.Enumerable.FirstOrDefault[TSource](IEnumerable`1 source)
   at WebMatrix.Data.Database.QuerySingle(String commandText, Object[] args)
   at WebMatrix.WebData.DatabaseWrapper.QuerySingle(String commandText, Object[] parameters)
   at WebMatrix.WebData.SimpleRoleProvider.IsUserInRole(String username, String roleName)
   at WebMatrix.WebData.SimpleRoleProvider.AddUsersToRoles(String[] usernames, String[] roleNames)
   at System.Web.Security.Roles.AddUserToRole(String username, String roleName)
   at ShareMarket.Web.Helpers.RoleWrapper.AddUserToRole(String userName, String roleName) in e:\Repository Projects\ShareMarket\Source\ShareMarket.Web\Helpers\RoleWrapper.cs:line 41
ClientConnectionId:427ef948-5b0d-4172-bcf5-52589812b869
Cannot insert the value NULL into column 'UserType', table 'ShareMarket_new.dbo.UserProfile'; column does not allow nulls. INSERT fails.
The statement has been terminated.
System.Data.SqlClient.SqlException (0x80131904): Cannot insert the value NULL into column 'UserType', table 'ShareMarket_new.dbo.UserProfile'; column does not allow nulls. INSERT fails.
The statement has been terminated.
   at System.Data.SqlClient.SqlConnection.OnError(SqlException exception, Boolean breakConnection, Action`1 wrapCloseInAction)
   at System.Data.SqlClient.SqlInternalConnection.OnError(SqlException exception, Boolean breakConnection, Action`1 wrapCloseInAction)
   at System.Data.SqlClient.TdsParser.ThrowExceptionAndWarning(TdsParserStateObject stateObj, Boolean callerHasConnectionLock, Boolean asyncClose)
   at System.Data.SqlClient.TdsParser.TryRun(RunBehavior runBehavior, SqlCommand cmdHandler, SqlDataReader dataStream, BulkCopySimpleResultSet bulkCopyHandler, TdsParserStateObject stateObj, Boolean& dataReady)
   at System.Data.SqlClient.SqlCommand.FinishExecuteReader(SqlDataReader ds, RunBehavior runBehavior, String resetOptionsString)
   at System.Data.SqlClient.SqlCommand.RunExecuteReaderTds(CommandBehavior cmdBehavior, RunBehavior runBehavior, Boolean returnStream, Boolean async, Int32 timeout, Task& task, Boolean asyncWrite)
   at System.Data.SqlClient.SqlCommand.RunExecuteReader(CommandBehavior cmdBehavior, RunBehavior runBehavior, Boolean returnStream, String method, TaskCompletionSource`1 completion, Int32 timeout, Task& task, Boolean asyncWrite)
   at System.Data.SqlClient.SqlCommand.InternalExecuteNonQuery(TaskCompletionSource`1 completion, String methodName, Boolean sendToPipe, Int32 timeout, Boolean asyncWrite)
   at System.Data.SqlClient.SqlCommand.ExecuteNonQuery()
   at WebMatrix.Data.Database.Execute(String commandText, Object[] args)
   at WebMatrix.WebData.DatabaseWrapper.Execute(String commandText, Object[] parameters)
   at WebMatrix.WebData.SimpleMembershipProvider.CreateUserRow(IDatabase db, String userName, IDictionary`2 values)
   at WebMatrix.WebData.SimpleMembershipProvider.CreateUserAndAccount(String userName, String password, Boolean requireConfirmation, IDictionary`2 values)
   at WebMatrix.WebData.WebSecurity.CreateUserAndAccount(String userName, String password, Object propertyValues, Boolean requireConfirmationToken)
   at ShareMarket.Web.Helpers.WebSecurityWrapper.CreateUserAndAccount(String userName, String password, Object propertyValues, Boolean requireConfirmationToken) in e:\Repository Projects\ShareMarket\Source\ShareMarket.Web\Helpers\WebSecurityWrapper.cs:line 101
ClientConnectionId:7637662a-7080-41b0-85a0-a8f086137a98
Cannot insert the value NULL into column 'IsDeleted', table 'ShareMarket.dbo.UserProfile'; column does not allow nulls. INSERT fails.
The statement has been terminated.
System.Data.SqlClient.SqlException (0x80131904): Cannot insert the value NULL into column 'IsDeleted', table 'ShareMarket.dbo.UserProfile'; column does not allow nulls. INSERT fails.
The statement has been terminated.
   at System.Data.SqlClient.SqlConnection.OnError(SqlException exception, Boolean breakConnection, Action`1 wrapCloseInAction)
   at System.Data.SqlClient.SqlInternalConnection.OnError(SqlException exception, Boolean breakConnection, Action`1 wrapCloseInAction)
   at System.Data.SqlClient.TdsParser.ThrowExceptionAndWarning(TdsParserStateObject stateObj, Boolean callerHasConnectionLock, Boolean asyncClose)
   at System.Data.SqlClient.TdsParser.TryRun(RunBehavior runBehavior, SqlCommand cmdHandler, SqlDataReader dataStream, BulkCopySimpleResultSet bulkCopyHandler, TdsParserStateObject stateObj, Boolean& dataReady)
   at System.Data.SqlClient.SqlCommand.FinishExecuteReader(SqlDataReader ds, RunBehavior runBehavior, String resetOptionsString)
   at System.Data.SqlClient.SqlCommand.RunExecuteReaderTds(CommandBehavior cmdBehavior, RunBehavior runBehavior, Boolean returnStream, Boolean async, Int32 timeout, Task& task, Boolean asyncWrite)
   at System.Data.SqlClient.SqlCommand.RunExecuteReader(CommandBehavior cmdBehavior, RunBehavior runBehavior, Boolean returnStream, String method, TaskCompletionSource`1 completion, Int32 timeout, Task& task, Boolean asyncWrite)
   at System.Data.SqlClient.SqlCommand.InternalExecuteNonQuery(TaskCompletionSource`1 completion, String methodName, Boolean sendToPipe, Int32 timeout, Boolean asyncWrite)
   at System.Data.SqlClient.SqlCommand.ExecuteNonQuery()
   at WebMatrix.Data.Database.Execute(String commandText, Object[] args)
   at WebMatrix.WebData.DatabaseWrapper.Execute(String commandText, Object[] parameters)
   at WebMatrix.WebData.SimpleMembershipProvider.CreateUserRow(IDatabase db, String userName, IDictionary`2 values)
   at WebMatrix.WebData.SimpleMembershipProvider.CreateUserAndAccount(String userName, String password, Boolean requireConfirmation, IDictionary`2 values)
   at WebMatrix.WebData.WebSecurity.CreateUserAndAccount(String userName, String password, Object propertyValues, Boolean requireConfirmationToken)
   at ShareMarket.Web.Helpers.WebSecurityWrapper.CreateUserAndAccount(String userName, String password, Object propertyValues, Boolean requireConfirmationToken) in e:\Repository Projects\ShareMarket\Source\ShareMarket.Web\Helpers\WebSecurityWrapper.cs:line 101
ClientConnectionId:657bbac0-3d9c-4afb-88d3-5abc76f10b67
Invalid column name 'CreatedOn'.
System.Data.SqlClient.SqlException (0x80131904): Invalid column name 'CreatedOn'.
   at System.Data.SqlClient.SqlConnection.OnError(SqlException exception, Boolean breakConnection, Action`1 wrapCloseInAction)
   at System.Data.SqlClient.SqlInternalConnection.OnError(SqlException exception, Boolean breakConnection, Action`1 wrapCloseInAction)
   at System.Data.SqlClient.TdsParser.ThrowExceptionAndWarning(TdsParserStateObject stateObj, Boolean callerHasConnectionLock, Boolean asyncClose)
   at System.Data.SqlClient.TdsParser.TryRun(RunBehavior runBehavior, SqlCommand cmdHandler, SqlDataReader dataStream, BulkCopySimpleResultSet bulkCopyHandler, TdsParserStateObject stateObj, Boolean& dataReady)
   at System.Data.SqlClient.SqlCommand.FinishExecuteReader(SqlDataReader ds, RunBehavior runBehavior, String resetOptionsString)
   at System.Data.SqlClient.SqlCommand.RunExecuteReaderTds(CommandBehavior cmdBehavior, RunBehavior runBehavior, Boolean returnStream, Boolean async, Int32 timeout, Task& task, Boolean asyncWrite)
   at System.Data.SqlClient.SqlCommand.RunExecuteReader(CommandBehavior cmdBehavior, RunBehavior runBehavior, Boolean returnStream, String method, TaskCompletionSource`1 completion, Int32 timeout, Task& task, Boolean asyncWrite)
   at System.Data.SqlClient.SqlCommand.InternalExecuteNonQuery(TaskCompletionSource`1 completion, String methodName, Boolean sendToPipe, Int32 timeout, Boolean asyncWrite)
   at System.Data.SqlClient.SqlCommand.ExecuteNonQuery()
   at WebMatrix.Data.Database.Execute(String commandText, Object[] args)
   at WebMatrix.WebData.DatabaseWrapper.Execute(String commandText, Object[] parameters)
   at WebMatrix.WebData.SimpleMembershipProvider.CreateUserRow(IDatabase db, String userName, IDictionary`2 values)
   at WebMatrix.WebData.SimpleMembershipProvider.CreateUserAndAccount(String userName, String password, Boolean requireConfirmation, IDictionary`2 values)
   at WebMatrix.WebData.WebSecurity.CreateUserAndAccount(String userName, String password, Object propertyValues, Boolean requireConfirmationToken)
   at ShareMarket.Web.Helpers.WebSecurityWrapper.CreateUserAndAccount(String userName, String password, Object propertyValues, Boolean requireConfirmationToken) in e:\Repository Projects\ShareMarket\Source\ShareMarket.Web\Helpers\WebSecurityWrapper.cs:line 101
ClientConnectionId:3a6e8157-7587-46ca-a2ff-3feb726cc116
Invalid column name 'CreatedOn'.
System.Data.SqlClient.SqlException (0x80131904): Invalid column name 'CreatedOn'.
   at System.Data.SqlClient.SqlConnection.OnError(SqlException exception, Boolean breakConnection, Action`1 wrapCloseInAction)
   at System.Data.SqlClient.SqlInternalConnection.OnError(SqlException exception, Boolean breakConnection, Action`1 wrapCloseInAction)
   at System.Data.SqlClient.TdsParser.ThrowExceptionAndWarning(TdsParserStateObject stateObj, Boolean callerHasConnectionLock, Boolean asyncClose)
   at System.Data.SqlClient.TdsParser.TryRun(RunBehavior runBehavior, SqlCommand cmdHandler, SqlDataReader dataStream, BulkCopySimpleResultSet bulkCopyHandler, TdsParserStateObject stateObj, Boolean& dataReady)
   at System.Data.SqlClient.SqlCommand.FinishExecuteReader(SqlDataReader ds, RunBehavior runBehavior, String resetOptionsString)
   at System.Data.SqlClient.SqlCommand.RunExecuteReaderTds(CommandBehavior cmdBehavior, RunBehavior runBehavior, Boolean returnStream, Boolean async, Int32 timeout, Task& task, Boolean asyncWrite)
   at System.Data.SqlClient.SqlCommand.RunExecuteReader(CommandBehavior cmdBehavior, RunBehavior runBehavior, Boolean returnStream, String method, TaskCompletionSource`1 completion, Int32 timeout, Task& task, Boolean asyncWrite)
   at System.Data.SqlClient.SqlCommand.InternalExecuteNonQuery(TaskCompletionSource`1 completion, String methodName, Boolean sendToPipe, Int32 timeout, Boolean asyncWrite)
   at System.Data.SqlClient.SqlCommand.ExecuteNonQuery()
   at WebMatrix.Data.Database.Execute(String commandText, Object[] args)
   at WebMatrix.WebData.DatabaseWrapper.Execute(String commandText, Object[] parameters)
   at WebMatrix.WebData.SimpleMembershipProvider.CreateUserRow(IDatabase db, String userName, IDictionary`2 values)
   at WebMatrix.WebData.SimpleMembershipProvider.CreateUserAndAccount(String userName, String password, Boolean requireConfirmation, IDictionary`2 values)
   at WebMatrix.WebData.WebSecurity.CreateUserAndAccount(String userName, String password, Object propertyValues, Boolean requireConfirmationToken)
   at ShareMarket.Web.Helpers.WebSecurityWrapper.CreateUserAndAccount(String userName, String password, Object propertyValues, Boolean requireConfirmationToken) in e:\Repository Projects\ShareMarket\Source\ShareMarket.Web\Helpers\WebSecurityWrapper.cs:line 101
ClientConnectionId:f17478b0-b7a1-4b90-851f-6cb99daffb02
No role found that has the name "AccountAdmin".
System.InvalidOperationException: No role found that has the name "AccountAdmin".
   at WebMatrix.WebData.SimpleRoleProvider.GetRoleIdsFromNames(IDatabase db, String[] roleNames)
   at WebMatrix.WebData.SimpleRoleProvider.AddUsersToRoles(String[] usernames, String[] roleNames)
   at System.Web.Security.Roles.AddUserToRole(String username, String roleName)
   at ShareMarket.Web.Helpers.RoleWrapper.AddUserToRole(String userName, String roleName) in e:\Repository Projects\ShareMarket\Source\ShareMarket.Web\Helpers\RoleWrapper.cs:line 41
No role found that has the name "AccountAdmin".
System.Exception: No role found that has the name "AccountAdmin". ---> System.InvalidOperationException: No role found that has the name "AccountAdmin".
   at WebMatrix.WebData.SimpleRoleProvider.GetRoleIdsFromNames(IDatabase db, String[] roleNames)
   at WebMatrix.WebData.SimpleRoleProvider.AddUsersToRoles(String[] usernames, String[] roleNames)
   at System.Web.Security.Roles.AddUserToRole(String username, String roleName)
   at ShareMarket.Web.Helpers.RoleWrapper.AddUserToRole(String userName, String roleName) in e:\Repository Projects\ShareMarket\Source\ShareMarket.Web\Helpers\RoleWrapper.cs:line 41
   --- End of inner exception stack trace ---
   at ShareMarket.Utility.Utilities.ExtensionUtil.LogError(Exception ex, Object callingType) in e:\Repository Projects\ShareMarket\Source\ShareMarket.Utility\Utilities\ExtensionUtil.cs:line 20
   at ShareMarket.Web.Helpers.RoleWrapper.AddUserToRole(String userName, String roleName) in e:\Repository Projects\ShareMarket\Source\ShareMarket.Web\Helpers\RoleWrapper.cs:line 45
   at ShareMarket.BusinessLogic.Libs.UserLib.MapUserInRole(String userName, Role role) in e:\Repository Projects\ShareMarket\Source\ShareMarket.BusinessLogic\Libs\UserLib.cs:line 96
Mapping and metadata information could not be found for EntityType 'ShareMarket.BusinessLogic.Models.TraderModel'.
System.InvalidOperationException: Mapping and metadata information could not be found for EntityType 'ShareMarket.BusinessLogic.Models.TraderModel'.
   at System.Data.Objects.ObjectContext.GetTypeUsage(Type entityCLRType)
   at System.Data.Objects.ObjectContext.ValidateEntitySet(EntitySet entitySet, Type entityType)
   at System.Data.Objects.ObjectContext.VerifyRootForAdd(Boolean doAttach, String entitySetName, IEntityWrapper wrappedEntity, EntityEntry existingEntry, EntitySet& entitySet, Boolean& isNoOperation)
   at System.Data.Objects.ObjectContext.AddObject(String entitySetName, Object entity)
   at System.Data.Entity.Internal.Linq.InternalSet`1.<>c__DisplayClass5.<Add>b__4()
   at System.Data.Entity.Internal.Linq.InternalSet`1.ActOnSet(Action action, EntityState newState, Object entity, String methodName)
   at System.Data.Entity.Internal.Linq.InternalSet`1.Add(Object entity)
   at System.Data.Entity.DbSet`1.Add(TEntity entity)
   at ShareMarket.BusinessLogic.Repository.DataRepository`1.Add(T entity) in e:\Repository Projects\ShareMarket\Source\ShareMarket.BusinessLogic\Repository\DataRepository.cs:line 76
Mapping and metadata information could not be found for EntityType 'ShareMarket.BusinessLogic.Models.TraderModel'.
System.InvalidOperationException: Mapping and metadata information could not be found for EntityType 'ShareMarket.BusinessLogic.Models.TraderModel'.
   at System.Data.Objects.ObjectContext.GetTypeUsage(Type entityCLRType)
   at System.Data.Objects.ObjectContext.ValidateEntitySet(EntitySet entitySet, Type entityType)
   at System.Data.Objects.ObjectContext.VerifyRootForAdd(Boolean doAttach, String entitySetName, IEntityWrapper wrappedEntity, EntityEntry existingEntry, EntitySet& entitySet, Boolean& isNoOperation)
   at System.Data.Objects.ObjectContext.AddObject(String entitySetName, Object entity)
   at System.Data.Entity.Internal.Linq.InternalSet`1.<>c__DisplayClass5.<Add>b__4()
   at System.Data.Entity.Internal.Linq.InternalSet`1.ActOnSet(Action action, EntityState newState, Object entity, String methodName)
   at System.Data.Entity.Internal.Linq.InternalSet`1.Add(Object entity)
   at System.Data.Entity.DbSet`1.Add(TEntity entity)
   at ShareMarket.BusinessLogic.Repository.DataRepository`1.Add(T entity) in e:\Repository Projects\ShareMarket\Source\ShareMarket.BusinessLogic\Repository\DataRepository.cs:line 76
Mapping and metadata information could not be found for EntityType 'ShareMarket.BusinessLogic.Models.TraderModel'.
System.InvalidOperationException: Mapping and metadata information could not be found for EntityType 'ShareMarket.BusinessLogic.Models.TraderModel'.
   at System.Data.Objects.ObjectContext.GetTypeUsage(Type entityCLRType)
   at System.Data.Objects.ObjectContext.ValidateEntitySet(EntitySet entitySet, Type entityType)
   at System.Data.Objects.ObjectContext.VerifyRootForAdd(Boolean doAttach, String entitySetName, IEntityWrapper wrappedEntity, EntityEntry existingEntry, EntitySet& entitySet, Boolean& isNoOperation)
   at System.Data.Objects.ObjectContext.AddObject(String entitySetName, Object entity)
   at System.Data.Entity.Internal.Linq.InternalSet`1.<>c__DisplayClass5.<Add>b__4()
   at System.Data.Entity.Internal.Linq.InternalSet`1.ActOnSet(Action action, EntityState newState, Object entity, String methodName)
   at System.Data.Entity.Internal.Linq.InternalSet`1.Add(Object entity)
   at System.Data.Entity.DbSet`1.Add(TEntity entity)
   at ShareMarket.BusinessLogic.Repository.DataRepository`1.Add(T entity) in e:\Repository Projects\ShareMarket\Source\ShareMarket.BusinessLogic\Repository\DataRepository.cs:line 76
The password supplied is invalid.  Passwords must conform to the password strength requirements configured for the default provider.
System.Web.Security.MembershipCreateUserException: The password supplied is invalid.  Passwords must conform to the password strength requirements configured for the default provider.
   at WebMatrix.WebData.SimpleMembershipProvider.CreateAccount(String userName, String password, Boolean requireConfirmationToken)
   at WebMatrix.WebData.SimpleMembershipProvider.CreateUserAndAccount(String userName, String password, Boolean requireConfirmation, IDictionary`2 values)
   at WebMatrix.WebData.WebSecurity.CreateUserAndAccount(String userName, String password, Object propertyValues, Boolean requireConfirmationToken)
   at ShareMarket.Web.Helpers.WebSecurityWrapper.CreateUserAndAccount(String userName, String password, Object propertyValues, Boolean requireConfirmationToken) in e:\Repository Projects\ShareMarket\Source\ShareMarket.Web\Helpers\WebSecurityWrapper.cs:line 101
An error occurred while updating the entries. See the inner exception for details.
System.Data.Entity.Infrastructure.DbUpdateException: An error occurred while updating the entries. See the inner exception for details. ---> System.Data.UpdateException: An error occurred while updating the entries. See the inner exception for details. ---> System.Data.SqlClient.SqlException: The conversion of a datetime2 data type to a datetime data type resulted in an out-of-range value.
The statement has been terminated.
   at System.Data.SqlClient.SqlConnection.OnError(SqlException exception, Boolean breakConnection, Action`1 wrapCloseInAction)
   at System.Data.SqlClient.SqlInternalConnection.OnError(SqlException exception, Boolean breakConnection, Action`1 wrapCloseInAction)
   at System.Data.SqlClient.TdsParser.ThrowExceptionAndWarning(TdsParserStateObject stateObj, Boolean callerHasConnectionLock, Boolean asyncClose)
   at System.Data.SqlClient.TdsParser.TryRun(RunBehavior runBehavior, SqlCommand cmdHandler, SqlDataReader dataStream, BulkCopySimpleResultSet bulkCopyHandler, TdsParserStateObject stateObj, Boolean& dataReady)
   at System.Data.SqlClient.SqlDataReader.TryConsumeMetaData()
   at System.Data.SqlClient.SqlDataReader.get_MetaData()
   at System.Data.SqlClient.SqlCommand.FinishExecuteReader(SqlDataReader ds, RunBehavior runBehavior, String resetOptionsString)
   at System.Data.SqlClient.SqlCommand.RunExecuteReaderTds(CommandBehavior cmdBehavior, RunBehavior runBehavior, Boolean returnStream, Boolean async, Int32 timeout, Task& task, Boolean asyncWrite)
   at System.Data.SqlClient.SqlCommand.RunExecuteReader(CommandBehavior cmdBehavior, RunBehavior runBehavior, Boolean returnStream, String method, TaskCompletionSource`1 completion, Int32 timeout, Task& task, Boolean asyncWrite)
   at System.Data.SqlClient.SqlCommand.RunExecuteReader(CommandBehavior cmdBehavior, RunBehavior runBehavior, Boolean returnStream, String method)
   at System.Data.SqlClient.SqlCommand.ExecuteReader(CommandBehavior behavior, String method)
   at System.Data.SqlClient.SqlCommand.ExecuteDbDataReader(CommandBehavior behavior)
   at System.Data.Common.DbCommand.ExecuteReader(CommandBehavior behavior)
   at System.Data.Mapping.Update.Internal.DynamicUpdateCommand.Execute(UpdateTranslator translator, EntityConnection connection, Dictionary`2 identifierValues, List`1 generatedValues)
   at System.Data.Mapping.Update.Internal.UpdateTranslator.Update(IEntityStateManager stateManager, IEntityAdapter adapter)
   --- End of inner exception stack trace ---
   at System.Data.Mapping.Update.Internal.UpdateTranslator.Update(IEntityStateManager stateManager, IEntityAdapter adapter)
   at System.Data.EntityClient.EntityAdapter.Update(IEntityStateManager entityCache)
   at System.Data.Objects.ObjectContext.SaveChanges(SaveOptions options)
   at System.Data.Entity.Internal.InternalContext.SaveChanges()
   --- End of inner exception stack trace ---
   at System.Data.Entity.Internal.InternalContext.SaveChanges()
   at System.Data.Entity.Internal.LazyInternalContext.SaveChanges()
   at System.Data.Entity.DbContext.SaveChanges()
   at ShareMarket.BusinessLogic.Repository.DataRepository`1.SaveChanges() in e:\Repository Projects\ShareMarket\Source\ShareMarket.BusinessLogic\Repository\DataRepository.cs:line 382
An error occurred while updating the entries. See the inner exception for details.
System.Data.Entity.Infrastructure.DbUpdateException: An error occurred while updating the entries. See the inner exception for details. ---> System.Data.UpdateException: An error occurred while updating the entries. See the inner exception for details. ---> System.Data.SqlClient.SqlException: The conversion of a datetime2 data type to a datetime data type resulted in an out-of-range value.
The statement has been terminated.
   at System.Data.SqlClient.SqlConnection.OnError(SqlException exception, Boolean breakConnection, Action`1 wrapCloseInAction)
   at System.Data.SqlClient.SqlInternalConnection.OnError(SqlException exception, Boolean breakConnection, Action`1 wrapCloseInAction)
   at System.Data.SqlClient.TdsParser.ThrowExceptionAndWarning(TdsParserStateObject stateObj, Boolean callerHasConnectionLock, Boolean asyncClose)
   at System.Data.SqlClient.TdsParser.TryRun(RunBehavior runBehavior, SqlCommand cmdHandler, SqlDataReader dataStream, BulkCopySimpleResultSet bulkCopyHandler, TdsParserStateObject stateObj, Boolean& dataReady)
   at System.Data.SqlClient.SqlDataReader.TryConsumeMetaData()
   at System.Data.SqlClient.SqlDataReader.get_MetaData()
   at System.Data.SqlClient.SqlCommand.FinishExecuteReader(SqlDataReader ds, RunBehavior runBehavior, String resetOptionsString)
   at System.Data.SqlClient.SqlCommand.RunExecuteReaderTds(CommandBehavior cmdBehavior, RunBehavior runBehavior, Boolean returnStream, Boolean async, Int32 timeout, Task& task, Boolean asyncWrite)
   at System.Data.SqlClient.SqlCommand.RunExecuteReader(CommandBehavior cmdBehavior, RunBehavior runBehavior, Boolean returnStream, String method, TaskCompletionSource`1 completion, Int32 timeout, Task& task, Boolean asyncWrite)
   at System.Data.SqlClient.SqlCommand.RunExecuteReader(CommandBehavior cmdBehavior, RunBehavior runBehavior, Boolean returnStream, String method)
   at System.Data.SqlClient.SqlCommand.ExecuteReader(CommandBehavior behavior, String method)
   at System.Data.SqlClient.SqlCommand.ExecuteDbDataReader(CommandBehavior behavior)
   at System.Data.Common.DbCommand.ExecuteReader(CommandBehavior behavior)
   at System.Data.Mapping.Update.Internal.DynamicUpdateCommand.Execute(UpdateTranslator translator, EntityConnection connection, Dictionary`2 identifierValues, List`1 generatedValues)
   at System.Data.Mapping.Update.Internal.UpdateTranslator.Update(IEntityStateManager stateManager, IEntityAdapter adapter)
   --- End of inner exception stack trace ---
   at System.Data.Mapping.Update.Internal.UpdateTranslator.Update(IEntityStateManager stateManager, IEntityAdapter adapter)
   at System.Data.EntityClient.EntityAdapter.Update(IEntityStateManager entityCache)
   at System.Data.Objects.ObjectContext.SaveChanges(SaveOptions options)
   at System.Data.Entity.Internal.InternalContext.SaveChanges()
   --- End of inner exception stack trace ---
   at System.Data.Entity.Internal.InternalContext.SaveChanges()
   at System.Data.Entity.Internal.LazyInternalContext.SaveChanges()
   at System.Data.Entity.DbContext.SaveChanges()
   at ShareMarket.BusinessLogic.Repository.DataRepository`1.SaveChanges() in e:\Repository Projects\ShareMarket\Source\ShareMarket.BusinessLogic\Repository\DataRepository.cs:line 383
An error occurred while updating the entries. See the inner exception for details.
System.Data.Entity.Infrastructure.DbUpdateException: An error occurred while updating the entries. See the inner exception for details. ---> System.Data.UpdateException: An error occurred while updating the entries. See the inner exception for details. ---> System.Data.SqlClient.SqlException: Cannot insert the value NULL into column 'CreatedByUserId', table 'ShareMarket.dbo.Trader'; column does not allow nulls. INSERT fails.
The statement has been terminated.
   at System.Data.SqlClient.SqlConnection.OnError(SqlException exception, Boolean breakConnection, Action`1 wrapCloseInAction)
   at System.Data.SqlClient.SqlInternalConnection.OnError(SqlException exception, Boolean breakConnection, Action`1 wrapCloseInAction)
   at System.Data.SqlClient.TdsParser.ThrowExceptionAndWarning(TdsParserStateObject stateObj, Boolean callerHasConnectionLock, Boolean asyncClose)
   at System.Data.SqlClient.TdsParser.TryRun(RunBehavior runBehavior, SqlCommand cmdHandler, SqlDataReader dataStream, BulkCopySimpleResultSet bulkCopyHandler, TdsParserStateObject stateObj, Boolean& dataReady)
   at System.Data.SqlClient.SqlDataReader.TryConsumeMetaData()
   at System.Data.SqlClient.SqlDataReader.get_MetaData()
   at System.Data.SqlClient.SqlCommand.FinishExecuteReader(SqlDataReader ds, RunBehavior runBehavior, String resetOptionsString)
   at System.Data.SqlClient.SqlCommand.RunExecuteReaderTds(CommandBehavior cmdBehavior, RunBehavior runBehavior, Boolean returnStream, Boolean async, Int32 timeout, Task& task, Boolean asyncWrite)
   at System.Data.SqlClient.SqlCommand.RunExecuteReader(CommandBehavior cmdBehavior, RunBehavior runBehavior, Boolean returnStream, String method, TaskCompletionSource`1 completion, Int32 timeout, Task& task, Boolean asyncWrite)
   at System.Data.SqlClient.SqlCommand.RunExecuteReader(CommandBehavior cmdBehavior, RunBehavior runBehavior, Boolean returnStream, String method)
   at System.Data.SqlClient.SqlCommand.ExecuteReader(CommandBehavior behavior, String method)
   at System.Data.SqlClient.SqlCommand.ExecuteDbDataReader(CommandBehavior behavior)
   at System.Data.Common.DbCommand.ExecuteReader(CommandBehavior behavior)
   at System.Data.Mapping.Update.Internal.DynamicUpdateCommand.Execute(UpdateTranslator translator, EntityConnection connection, Dictionary`2 identifierValues, List`1 generatedValues)
   at System.Data.Mapping.Update.Internal.UpdateTranslator.Update(IEntityStateManager stateManager, IEntityAdapter adapter)
   --- End of inner exception stack trace ---
   at System.Data.Mapping.Update.Internal.UpdateTranslator.Update(IEntityStateManager stateManager, IEntityAdapter adapter)
   at System.Data.EntityClient.EntityAdapter.Update(IEntityStateManager entityCache)
   at System.Data.Objects.ObjectContext.SaveChanges(SaveOptions options)
   at System.Data.Entity.Internal.InternalContext.SaveChanges()
   --- End of inner exception stack trace ---
   at System.Data.Entity.Internal.InternalContext.SaveChanges()
   at System.Data.Entity.Internal.LazyInternalContext.SaveChanges()
   at System.Data.Entity.DbContext.SaveChanges()
   at ShareMarket.BusinessLogic.Repository.DataRepository`1.SaveChanges() in e:\Repository Projects\ShareMarket\Source\ShareMarket.BusinessLogic\Repository\DataRepository.cs:line 383
An error occurred while updating the entries. See the inner exception for details.
System.Data.Entity.Infrastructure.DbUpdateException: An error occurred while updating the entries. See the inner exception for details. ---> System.Data.UpdateException: An error occurred while updating the entries. See the inner exception for details. ---> System.Data.SqlClient.SqlException: Cannot insert the value NULL into column 'CreatedByUserId', table 'ShareMarket.dbo.Trader'; column does not allow nulls. INSERT fails.
The statement has been terminated.
   at System.Data.SqlClient.SqlConnection.OnError(SqlException exception, Boolean breakConnection, Action`1 wrapCloseInAction)
   at System.Data.SqlClient.SqlInternalConnection.OnError(SqlException exception, Boolean breakConnection, Action`1 wrapCloseInAction)
   at System.Data.SqlClient.TdsParser.ThrowExceptionAndWarning(TdsParserStateObject stateObj, Boolean callerHasConnectionLock, Boolean asyncClose)
   at System.Data.SqlClient.TdsParser.TryRun(RunBehavior runBehavior, SqlCommand cmdHandler, SqlDataReader dataStream, BulkCopySimpleResultSet bulkCopyHandler, TdsParserStateObject stateObj, Boolean& dataReady)
   at System.Data.SqlClient.SqlDataReader.TryConsumeMetaData()
   at System.Data.SqlClient.SqlDataReader.get_MetaData()
   at System.Data.SqlClient.SqlCommand.FinishExecuteReader(SqlDataReader ds, RunBehavior runBehavior, String resetOptionsString)
   at System.Data.SqlClient.SqlCommand.RunExecuteReaderTds(CommandBehavior cmdBehavior, RunBehavior runBehavior, Boolean returnStream, Boolean async, Int32 timeout, Task& task, Boolean asyncWrite)
   at System.Data.SqlClient.SqlCommand.RunExecuteReader(CommandBehavior cmdBehavior, RunBehavior runBehavior, Boolean returnStream, String method, TaskCompletionSource`1 completion, Int32 timeout, Task& task, Boolean asyncWrite)
   at System.Data.SqlClient.SqlCommand.RunExecuteReader(CommandBehavior cmdBehavior, RunBehavior runBehavior, Boolean returnStream, String method)
   at System.Data.SqlClient.SqlCommand.ExecuteReader(CommandBehavior behavior, String method)
   at System.Data.SqlClient.SqlCommand.ExecuteDbDataReader(CommandBehavior behavior)
   at System.Data.Common.DbCommand.ExecuteReader(CommandBehavior behavior)
   at System.Data.Mapping.Update.Internal.DynamicUpdateCommand.Execute(UpdateTranslator translator, EntityConnection connection, Dictionary`2 identifierValues, List`1 generatedValues)
   at System.Data.Mapping.Update.Internal.UpdateTranslator.Update(IEntityStateManager stateManager, IEntityAdapter adapter)
   --- End of inner exception stack trace ---
   at System.Data.Mapping.Update.Internal.UpdateTranslator.Update(IEntityStateManager stateManager, IEntityAdapter adapter)
   at System.Data.EntityClient.EntityAdapter.Update(IEntityStateManager entityCache)
   at System.Data.Objects.ObjectContext.SaveChanges(SaveOptions options)
   at System.Data.Entity.Internal.InternalContext.SaveChanges()
   --- End of inner exception stack trace ---
   at System.Data.Entity.Internal.InternalContext.SaveChanges()
   at System.Data.Entity.Internal.LazyInternalContext.SaveChanges()
   at System.Data.Entity.DbContext.SaveChanges()
   at ShareMarket.BusinessLogic.Repository.DataRepository`1.SaveChanges() in e:\Repository Projects\ShareMarket\Source\ShareMarket.BusinessLogic\Repository\DataRepository.cs:line 383
An error occurred while updating the entries. See the inner exception for details.
System.Data.Entity.Infrastructure.DbUpdateException: An error occurred while updating the entries. See the inner exception for details. ---> System.Data.UpdateException: An error occurred while updating the entries. See the inner exception for details. ---> System.Data.SqlClient.SqlException: The conversion of a datetime2 data type to a datetime data type resulted in an out-of-range value.
The statement has been terminated.
   at System.Data.SqlClient.SqlConnection.OnError(SqlException exception, Boolean breakConnection, Action`1 wrapCloseInAction)
   at System.Data.SqlClient.SqlInternalConnection.OnError(SqlException exception, Boolean breakConnection, Action`1 wrapCloseInAction)
   at System.Data.SqlClient.TdsParser.ThrowExceptionAndWarning(TdsParserStateObject stateObj, Boolean callerHasConnectionLock, Boolean asyncClose)
   at System.Data.SqlClient.TdsParser.TryRun(RunBehavior runBehavior, SqlCommand cmdHandler, SqlDataReader dataStream, BulkCopySimpleResultSet bulkCopyHandler, TdsParserStateObject stateObj, Boolean& dataReady)
   at System.Data.SqlClient.SqlCommand.FinishExecuteReader(SqlDataReader ds, RunBehavior runBehavior, String resetOptionsString)
   at System.Data.SqlClient.SqlCommand.RunExecuteReaderTds(CommandBehavior cmdBehavior, RunBehavior runBehavior, Boolean returnStream, Boolean async, Int32 timeout, Task& task, Boolean asyncWrite)
   at System.Data.SqlClient.SqlCommand.RunExecuteReader(CommandBehavior cmdBehavior, RunBehavior runBehavior, Boolean returnStream, String method, TaskCompletionSource`1 completion, Int32 timeout, Task& task, Boolean asyncWrite)
   at System.Data.SqlClient.SqlCommand.InternalExecuteNonQuery(TaskCompletionSource`1 completion, String methodName, Boolean sendToPipe, Int32 timeout, Boolean asyncWrite)
   at System.Data.SqlClient.SqlCommand.ExecuteNonQuery()
   at System.Data.Mapping.Update.Internal.DynamicUpdateCommand.Execute(UpdateTranslator translator, EntityConnection connection, Dictionary`2 identifierValues, List`1 generatedValues)
   at System.Data.Mapping.Update.Internal.UpdateTranslator.Update(IEntityStateManager stateManager, IEntityAdapter adapter)
   --- End of inner exception stack trace ---
   at System.Data.Mapping.Update.Internal.UpdateTranslator.Update(IEntityStateManager stateManager, IEntityAdapter adapter)
   at System.Data.EntityClient.EntityAdapter.Update(IEntityStateManager entityCache)
   at System.Data.Objects.ObjectContext.SaveChanges(SaveOptions options)
   at System.Data.Entity.Internal.InternalContext.SaveChanges()
   --- End of inner exception stack trace ---
   at System.Data.Entity.Internal.InternalContext.SaveChanges()
   at System.Data.Entity.Internal.LazyInternalContext.SaveChanges()
   at System.Data.Entity.DbContext.SaveChanges()
   at ShareMarket.BusinessLogic.Repository.DataRepository`1.SaveChanges() in e:\Repository Projects\ShareMarket\Source\ShareMarket.BusinessLogic\Repository\DataRepository.cs:line 384
An error occurred while updating the entries. See the inner exception for details.
System.Data.Entity.Infrastructure.DbUpdateException: An error occurred while updating the entries. See the inner exception for details. ---> System.Data.UpdateException: An error occurred while updating the entries. See the inner exception for details. ---> System.Data.SqlClient.SqlException: The conversion of a datetime2 data type to a datetime data type resulted in an out-of-range value.
The statement has been terminated.
   at System.Data.SqlClient.SqlConnection.OnError(SqlException exception, Boolean breakConnection, Action`1 wrapCloseInAction)
   at System.Data.SqlClient.SqlInternalConnection.OnError(SqlException exception, Boolean breakConnection, Action`1 wrapCloseInAction)
   at System.Data.SqlClient.TdsParser.ThrowExceptionAndWarning(TdsParserStateObject stateObj, Boolean callerHasConnectionLock, Boolean asyncClose)
   at System.Data.SqlClient.TdsParser.TryRun(RunBehavior runBehavior, SqlCommand cmdHandler, SqlDataReader dataStream, BulkCopySimpleResultSet bulkCopyHandler, TdsParserStateObject stateObj, Boolean& dataReady)
   at System.Data.SqlClient.SqlCommand.FinishExecuteReader(SqlDataReader ds, RunBehavior runBehavior, String resetOptionsString)
   at System.Data.SqlClient.SqlCommand.RunExecuteReaderTds(CommandBehavior cmdBehavior, RunBehavior runBehavior, Boolean returnStream, Boolean async, Int32 timeout, Task& task, Boolean asyncWrite)
   at System.Data.SqlClient.SqlCommand.RunExecuteReader(CommandBehavior cmdBehavior, RunBehavior runBehavior, Boolean returnStream, String method, TaskCompletionSource`1 completion, Int32 timeout, Task& task, Boolean asyncWrite)
   at System.Data.SqlClient.SqlCommand.InternalExecuteNonQuery(TaskCompletionSource`1 completion, String methodName, Boolean sendToPipe, Int32 timeout, Boolean asyncWrite)
   at System.Data.SqlClient.SqlCommand.ExecuteNonQuery()
   at System.Data.Mapping.Update.Internal.DynamicUpdateCommand.Execute(UpdateTranslator translator, EntityConnection connection, Dictionary`2 identifierValues, List`1 generatedValues)
   at System.Data.Mapping.Update.Internal.UpdateTranslator.Update(IEntityStateManager stateManager, IEntityAdapter adapter)
   --- End of inner exception stack trace ---
   at System.Data.Mapping.Update.Internal.UpdateTranslator.Update(IEntityStateManager stateManager, IEntityAdapter adapter)
   at System.Data.EntityClient.EntityAdapter.Update(IEntityStateManager entityCache)
   at System.Data.Objects.ObjectContext.SaveChanges(SaveOptions options)
   at System.Data.Entity.Internal.InternalContext.SaveChanges()
   --- End of inner exception stack trace ---
   at System.Data.Entity.Internal.InternalContext.SaveChanges()
   at System.Data.Entity.Internal.LazyInternalContext.SaveChanges()
   at System.Data.Entity.DbContext.SaveChanges()
   at ShareMarket.BusinessLogic.Repository.DataRepository`1.SaveChanges() in e:\Repository Projects\ShareMarket\Source\ShareMarket.BusinessLogic\Repository\DataRepository.cs:line 384
An error occurred while updating the entries. See the inner exception for details.
System.Data.Entity.Infrastructure.DbUpdateException: An error occurred while updating the entries. See the inner exception for details. ---> System.Data.UpdateException: An error occurred while updating the entries. See the inner exception for details. ---> System.Data.SqlClient.SqlException: The conversion of a datetime2 data type to a datetime data type resulted in an out-of-range value.
The statement has been terminated.
   at System.Data.SqlClient.SqlConnection.OnError(SqlException exception, Boolean breakConnection, Action`1 wrapCloseInAction)
   at System.Data.SqlClient.SqlInternalConnection.OnError(SqlException exception, Boolean breakConnection, Action`1 wrapCloseInAction)
   at System.Data.SqlClient.TdsParser.ThrowExceptionAndWarning(TdsParserStateObject stateObj, Boolean callerHasConnectionLock, Boolean asyncClose)
   at System.Data.SqlClient.TdsParser.TryRun(RunBehavior runBehavior, SqlCommand cmdHandler, SqlDataReader dataStream, BulkCopySimpleResultSet bulkCopyHandler, TdsParserStateObject stateObj, Boolean& dataReady)
   at System.Data.SqlClient.SqlCommand.FinishExecuteReader(SqlDataReader ds, RunBehavior runBehavior, String resetOptionsString)
   at System.Data.SqlClient.SqlCommand.RunExecuteReaderTds(CommandBehavior cmdBehavior, RunBehavior runBehavior, Boolean returnStream, Boolean async, Int32 timeout, Task& task, Boolean asyncWrite)
   at System.Data.SqlClient.SqlCommand.RunExecuteReader(CommandBehavior cmdBehavior, RunBehavior runBehavior, Boolean returnStream, String method, TaskCompletionSource`1 completion, Int32 timeout, Task& task, Boolean asyncWrite)
   at System.Data.SqlClient.SqlCommand.InternalExecuteNonQuery(TaskCompletionSource`1 completion, String methodName, Boolean sendToPipe, Int32 timeout, Boolean asyncWrite)
   at System.Data.SqlClient.SqlCommand.ExecuteNonQuery()
   at System.Data.Mapping.Update.Internal.DynamicUpdateCommand.Execute(UpdateTranslator translator, EntityConnection connection, Dictionary`2 identifierValues, List`1 generatedValues)
   at System.Data.Mapping.Update.Internal.UpdateTranslator.Update(IEntityStateManager stateManager, IEntityAdapter adapter)
   --- End of inner exception stack trace ---
   at System.Data.Mapping.Update.Internal.UpdateTranslator.Update(IEntityStateManager stateManager, IEntityAdapter adapter)
   at System.Data.EntityClient.EntityAdapter.Update(IEntityStateManager entityCache)
   at System.Data.Objects.ObjectContext.SaveChanges(SaveOptions options)
   at System.Data.Entity.Internal.InternalContext.SaveChanges()
   --- End of inner exception stack trace ---
   at System.Data.Entity.Internal.InternalContext.SaveChanges()
   at System.Data.Entity.Internal.LazyInternalContext.SaveChanges()
   at System.Data.Entity.DbContext.SaveChanges()
   at ShareMarket.BusinessLogic.Repository.DataRepository`1.SaveChanges() in e:\Repository Projects\ShareMarket\Source\ShareMarket.BusinessLogic\Repository\DataRepository.cs:line 384
An error occurred while updating the entries. See the inner exception for details.
System.Data.Entity.Infrastructure.DbUpdateException: An error occurred while updating the entries. See the inner exception for details. ---> System.Data.UpdateException: An error occurred while updating the entries. See the inner exception for details. ---> System.Data.SqlClient.SqlException: The conversion of a datetime2 data type to a datetime data type resulted in an out-of-range value.
The statement has been terminated.
   at System.Data.SqlClient.SqlConnection.OnError(SqlException exception, Boolean breakConnection, Action`1 wrapCloseInAction)
   at System.Data.SqlClient.SqlInternalConnection.OnError(SqlException exception, Boolean breakConnection, Action`1 wrapCloseInAction)
   at System.Data.SqlClient.TdsParser.ThrowExceptionAndWarning(TdsParserStateObject stateObj, Boolean callerHasConnectionLock, Boolean asyncClose)
   at System.Data.SqlClient.TdsParser.TryRun(RunBehavior runBehavior, SqlCommand cmdHandler, SqlDataReader dataStream, BulkCopySimpleResultSet bulkCopyHandler, TdsParserStateObject stateObj, Boolean& dataReady)
   at System.Data.SqlClient.SqlCommand.FinishExecuteReader(SqlDataReader ds, RunBehavior runBehavior, String resetOptionsString)
   at System.Data.SqlClient.SqlCommand.RunExecuteReaderTds(CommandBehavior cmdBehavior, RunBehavior runBehavior, Boolean returnStream, Boolean async, Int32 timeout, Task& task, Boolean asyncWrite)
   at System.Data.SqlClient.SqlCommand.RunExecuteReader(CommandBehavior cmdBehavior, RunBehavior runBehavior, Boolean returnStream, String method, TaskCompletionSource`1 completion, Int32 timeout, Task& task, Boolean asyncWrite)
   at System.Data.SqlClient.SqlCommand.InternalExecuteNonQuery(TaskCompletionSource`1 completion, String methodName, Boolean sendToPipe, Int32 timeout, Boolean asyncWrite)
   at System.Data.SqlClient.SqlCommand.ExecuteNonQuery()
   at System.Data.Mapping.Update.Internal.DynamicUpdateCommand.Execute(UpdateTranslator translator, EntityConnection connection, Dictionary`2 identifierValues, List`1 generatedValues)
   at System.Data.Mapping.Update.Internal.UpdateTranslator.Update(IEntityStateManager stateManager, IEntityAdapter adapter)
   --- End of inner exception stack trace ---
   at System.Data.Mapping.Update.Internal.UpdateTranslator.Update(IEntityStateManager stateManager, IEntityAdapter adapter)
   at System.Data.EntityClient.EntityAdapter.Update(IEntityStateManager entityCache)
   at System.Data.Objects.ObjectContext.SaveChanges(SaveOptions options)
   at System.Data.Entity.Internal.InternalContext.SaveChanges()
   --- End of inner exception stack trace ---
   at System.Data.Entity.Internal.InternalContext.SaveChanges()
   at System.Data.Entity.Internal.LazyInternalContext.SaveChanges()
   at System.Data.Entity.DbContext.SaveChanges()
   at ShareMarket.BusinessLogic.Repository.DataRepository`1.SaveChanges() in e:\Repository Projects\ShareMarket\Source\ShareMarket.BusinessLogic\Repository\DataRepository.cs:line 384
Id not found
System.Exception: Id not found
   at ShareMarket.BusinessLogic.Libs.TraderLib.GetEntityById(Int32 Id) in e:\Repository Projects\ShareMarket\Source\ShareMarket.BusinessLogic\Libs\TraderLib.cs:line 79
Id not found
System.Exception: Id not found
   at ShareMarket.BusinessLogic.Libs.TraderLib.GetEntityById(Int32 Id) in e:\Repository Projects\ShareMarket\Source\ShareMarket.BusinessLogic\Libs\TraderLib.cs:line 79


Mapping types:
Trader -> TraderModel
ShareMarket.Core.Trader -> ShareMarket.BusinessLogic.Models.TraderModel

Destination path:
TraderModel

Source value:
ShareMarket.Core.Trader
AutoMapper.AutoMapperMappingException: 

Mapping types:
Trader -> TraderModel
ShareMarket.Core.Trader -> ShareMarket.BusinessLogic.Models.TraderModel

Destination path:
TraderModel

Source value:
ShareMarket.Core.Trader ---> System.NullReferenceException: Object reference not set to an instance of an object.
   at ShareMarket.Web.AutoMapperConfig.<Mapping>b__1(Trader s, TraderModel d) in e:\Repository Projects\ShareMarket\Source\ShareMarket.Web\App_Start\AutoMapperConfig.cs:line 24
   at AutoMapper.MappingExpression`2.<>c__DisplayClass1f.<AfterMap>b__1e(Object src, Object dest)
   at AutoMapper.TypeMap.<get_AfterMap>b__1(Object src, Object dest)
   at AutoMapper.Mappers.TypeMapObjectMapperRegistry.PropertyMapMappingStrategy.Map(ResolutionContext context, IMappingEngineRunner mapper)
   at AutoMapper.Mappers.TypeMapMapper.Map(ResolutionContext context, IMappingEngineRunner mapper)
   at AutoMapper.MappingEngine.AutoMapper.IMappingEngineRunner.Map(ResolutionContext context)
   --- End of inner exception stack trace ---
   at AutoMapper.MappingEngine.AutoMapper.IMappingEngineRunner.Map(ResolutionContext context)
   at AutoMapper.MappingEngine.Map(Object source, Type sourceType, Type destinationType, Action`1 opts)
   at AutoMapper.MappingEngine.Map[TSource,TDestination](TSource source)
   at AutoMapper.Mapper.Map[TSource,TDestination](TSource source)
   at ShareMarket.BusinessLogic.Libs.TraderLib.GetEntityById(Int32 Id) in e:\Repository Projects\ShareMarket\Source\ShareMarket.BusinessLogic\Libs\TraderLib.cs:line 86
Id not found
System.Exception: Id not found
   at ShareMarket.BusinessLogic.Libs.SettingLib.GetEntityById(Int32 Id) in e:\Repository Projects\ShareMarket\Source\ShareMarket.BusinessLogic\Libs\SettingLib.cs:line 75
Id not found
System.Exception: Id not found
   at ShareMarket.BusinessLogic.Libs.SettingLib.GetEntityById(Int32 Id) in e:\Repository Projects\ShareMarket\Source\ShareMarket.BusinessLogic\Libs\SettingLib.cs:line 75
Id not found
System.Exception: Id not found
   at ShareMarket.BusinessLogic.Libs.SettingLib.GetEntityById(Int32 Id) in e:\Repository Projects\ShareMarket\Source\ShareMarket.BusinessLogic\Libs\SettingLib.cs:line 75
Id not found
System.Exception: Id not found
   at ShareMarket.BusinessLogic.Libs.SettingLib.GetEntityById(Int32 Id) in e:\Repository Projects\ShareMarket\Source\ShareMarket.BusinessLogic\Libs\SettingLib.cs:line 75
Validation failed for one or more entities. See 'EntityValidationErrors' property for more details.
System.Data.Entity.Validation.DbEntityValidationException: Validation failed for one or more entities. See 'EntityValidationErrors' property for more details.
   at System.Data.Entity.Internal.InternalContext.SaveChanges()
   at System.Data.Entity.Internal.LazyInternalContext.SaveChanges()
   at System.Data.Entity.DbContext.SaveChanges()
   at ShareMarket.BusinessLogic.Repository.DataRepository`1.SaveChanges() in e:\Repository Projects\ShareMarket\Source\ShareMarket.BusinessLogic\Repository\DataRepository.cs:line 383
Validation failed for one or more entities. See 'EntityValidationErrors' property for more details.
System.Exception: Validation failed for one or more entities. See 'EntityValidationErrors' property for more details. ---> System.Data.Entity.Validation.DbEntityValidationException: Validation failed for one or more entities. See 'EntityValidationErrors' property for more details.
   at System.Data.Entity.Internal.InternalContext.SaveChanges()
   at System.Data.Entity.Internal.LazyInternalContext.SaveChanges()
   at System.Data.Entity.DbContext.SaveChanges()
   at ShareMarket.BusinessLogic.Repository.DataRepository`1.SaveChanges() in e:\Repository Projects\ShareMarket\Source\ShareMarket.BusinessLogic\Repository\DataRepository.cs:line 383
   --- End of inner exception stack trace ---
   at ShareMarket.Utility.Utilities.ExtensionUtil.LogError(Exception ex, Object callingType) in e:\Repository Projects\ShareMarket\Source\ShareMarket.Utility\Utilities\ExtensionUtil.cs:line 20
   at ShareMarket.BusinessLogic.Repository.DataRepository`1.SaveChanges() in e:\Repository Projects\ShareMarket\Source\ShareMarket.BusinessLogic\Repository\DataRepository.cs:line 400
   at ShareMarket.BusinessLogic.Libs.SettingLib.AddUpdateEnity(Setting model) in e:\Repository Projects\ShareMarket\Source\ShareMarket.BusinessLogic\Libs\SettingLib.cs:line 114
Cannot insert the value NULL into column 'IsDeleted', table 'ShareMarket.dbo.UserProfile'; column does not allow nulls. INSERT fails.
The statement has been terminated.
System.Data.SqlClient.SqlException (0x80131904): Cannot insert the value NULL into column 'IsDeleted', table 'ShareMarket.dbo.UserProfile'; column does not allow nulls. INSERT fails.
The statement has been terminated.
   at System.Data.SqlClient.SqlConnection.OnError(SqlException exception, Boolean breakConnection, Action`1 wrapCloseInAction)
   at System.Data.SqlClient.SqlInternalConnection.OnError(SqlException exception, Boolean breakConnection, Action`1 wrapCloseInAction)
   at System.Data.SqlClient.TdsParser.ThrowExceptionAndWarning(TdsParserStateObject stateObj, Boolean callerHasConnectionLock, Boolean asyncClose)
   at System.Data.SqlClient.TdsParser.TryRun(RunBehavior runBehavior, SqlCommand cmdHandler, SqlDataReader dataStream, BulkCopySimpleResultSet bulkCopyHandler, TdsParserStateObject stateObj, Boolean& dataReady)
   at System.Data.SqlClient.SqlCommand.FinishExecuteReader(SqlDataReader ds, RunBehavior runBehavior, String resetOptionsString)
   at System.Data.SqlClient.SqlCommand.RunExecuteReaderTds(CommandBehavior cmdBehavior, RunBehavior runBehavior, Boolean returnStream, Boolean async, Int32 timeout, Task& task, Boolean asyncWrite)
   at System.Data.SqlClient.SqlCommand.RunExecuteReader(CommandBehavior cmdBehavior, RunBehavior runBehavior, Boolean returnStream, String method, TaskCompletionSource`1 completion, Int32 timeout, Task& task, Boolean asyncWrite)
   at System.Data.SqlClient.SqlCommand.InternalExecuteNonQuery(TaskCompletionSource`1 completion, String methodName, Boolean sendToPipe, Int32 timeout, Boolean asyncWrite)
   at System.Data.SqlClient.SqlCommand.ExecuteNonQuery()
   at WebMatrix.Data.Database.Execute(String commandText, Object[] args)
   at WebMatrix.WebData.DatabaseWrapper.Execute(String commandText, Object[] parameters)
   at WebMatrix.WebData.SimpleMembershipProvider.CreateUserRow(IDatabase db, String userName, IDictionary`2 values)
   at WebMatrix.WebData.SimpleMembershipProvider.CreateUserAndAccount(String userName, String password, Boolean requireConfirmation, IDictionary`2 values)
   at WebMatrix.WebData.WebSecurity.CreateUserAndAccount(String userName, String password, Object propertyValues, Boolean requireConfirmationToken)
   at ShareMarket.Web.Helpers.WebSecurityWrapper.CreateUserAndAccount(String userName, String password, Object propertyValues, Boolean requireConfirmationToken) in e:\Repository Projects\ShareMarket\Source\ShareMarket.Web\Helpers\WebSecurityWrapper.cs:line 101
ClientConnectionId:9565a5ca-b36a-4273-87a6-496e5a8fb7c1
